2021-04-02 09:17:13.060  INFO 17180 --- [restartedMain] com.project.vm.VmApplication             : Starting VmApplication using Java 14.0.1 on Taniya with PID 17180 (C:\Users\taniy\Desktop\Capgemini\Project\VehicleManagement-Gradle\bin\main started by Taniya in C:\Users\taniy\Desktop\Capgemini\Project\VehicleManagement-Gradle)
2021-04-02 09:17:13.105  INFO 17180 --- [restartedMain] com.project.vm.VmApplication             : No active profile set, falling back to default profiles: default
2021-04-02 09:17:13.279  INFO 17180 --- [restartedMain] .e.DevToolsPropertyDefaultsPostProcessor : Devtools property defaults active! Set 'spring.devtools.add-properties' to 'false' to disable
2021-04-02 09:17:13.280  INFO 17180 --- [restartedMain] .e.DevToolsPropertyDefaultsPostProcessor : For additional web related logging consider setting the 'logging.level.web' property to 'DEBUG'
2021-04-02 09:17:16.252  INFO 17180 --- [restartedMain] .s.d.r.c.RepositoryConfigurationDelegate : Bootstrapping Spring Data JPA repositories in DEFAULT mode.
2021-04-02 09:17:16.472  INFO 17180 --- [restartedMain] .s.d.r.c.RepositoryConfigurationDelegate : Finished Spring Data repository scanning in 200 ms. Found 8 JPA repository interfaces.
2021-04-02 09:17:17.400  INFO 17180 --- [restartedMain] trationDelegate$BeanPostProcessorChecker : Bean 'org.springframework.security.access.expression.method.DefaultMethodSecurityExpressionHandler@530921da' of type [org.springframework.security.access.expression.method.DefaultMethodSecurityExpressionHandler] is not eligible for getting processed by all BeanPostProcessors (for example: not eligible for auto-proxying)
2021-04-02 09:17:17.411  INFO 17180 --- [restartedMain] trationDelegate$BeanPostProcessorChecker : Bean 'methodSecurityMetadataSource' of type [org.springframework.security.access.method.DelegatingMethodSecurityMetadataSource] is not eligible for getting processed by all BeanPostProcessors (for example: not eligible for auto-proxying)
2021-04-02 09:17:18.236  INFO 17180 --- [restartedMain] o.s.b.w.embedded.tomcat.TomcatWebServer  : Tomcat initialized with port(s): 8081 (http)
2021-04-02 09:17:18.258  INFO 17180 --- [restartedMain] o.apache.catalina.core.StandardService   : Starting service [Tomcat]
2021-04-02 09:17:18.259  INFO 17180 --- [restartedMain] org.apache.catalina.core.StandardEngine  : Starting Servlet engine: [Apache Tomcat/9.0.43]
2021-04-02 09:17:18.475  INFO 17180 --- [restartedMain] o.a.c.c.C.[Tomcat].[localhost].[/]       : Initializing Spring embedded WebApplicationContext
2021-04-02 09:17:18.476  INFO 17180 --- [restartedMain] w.s.c.ServletWebServerApplicationContext : Root WebApplicationContext: initialization completed in 5195 ms
2021-04-02 09:17:18.714  WARN 17180 --- [restartedMain] JpaBaseConfiguration$JpaWebConfiguration : spring.jpa.open-in-view is enabled by default. Therefore, database queries may be performed during view rendering. Explicitly configure spring.jpa.open-in-view to disable this warning
2021-04-02 09:17:18.990  INFO 17180 --- [restartedMain] o.hibernate.jpa.internal.util.LogHelper  : HHH000204: Processing PersistenceUnitInfo [name: default]
2021-04-02 09:17:19.137  INFO 17180 --- [restartedMain] org.hibernate.Version                    : HHH000412: Hibernate ORM core version 5.4.28.Final
2021-04-02 09:17:19.605  INFO 17180 --- [restartedMain] o.hibernate.annotations.common.Version   : HCANN000001: Hibernate Commons Annotations {5.1.2.Final}
2021-04-02 09:17:19.872  INFO 17180 --- [restartedMain] com.zaxxer.hikari.HikariDataSource       : HikariPool-1 - Starting...
2021-04-02 09:17:20.389  INFO 17180 --- [restartedMain] com.zaxxer.hikari.HikariDataSource       : HikariPool-1 - Start completed.
2021-04-02 09:17:20.432  INFO 17180 --- [restartedMain] org.hibernate.dialect.Dialect            : HHH000400: Using dialect: org.hibernate.dialect.PostgreSQLDialect
2021-04-02 09:17:24.125  INFO 17180 --- [restartedMain] o.h.e.t.j.p.i.JtaPlatformInitiator       : HHH000490: Using JtaPlatform implementation: [org.hibernate.engine.transaction.jta.platform.internal.NoJtaPlatform]
2021-04-02 09:17:24.144  INFO 17180 --- [restartedMain] j.LocalContainerEntityManagerFactoryBean : Initialized JPA EntityManagerFactory for persistence unit 'default'
2021-04-02 09:17:25.199  INFO 17180 --- [restartedMain] o.s.b.d.a.OptionalLiveReloadServer       : LiveReload server is running on port 35729
2021-04-02 09:17:26.943  INFO 17180 --- [restartedMain] pertySourcedRequestMappingHandlerMapping : Mapped URL path [/v2/api-docs] onto method [springfox.documentation.swagger2.web.Swagger2Controller#getDocumentation(String, HttpServletRequest)]
2021-04-02 09:17:27.377  INFO 17180 --- [restartedMain] o.s.s.web.DefaultSecurityFilterChain     : Will secure Mvc [pattern='/**', OPTIONS] with []
2021-04-02 09:17:27.378  INFO 17180 --- [restartedMain] o.s.s.web.DefaultSecurityFilterChain     : Will secure Mvc [pattern='/swagger-ui.html/**'] with []
2021-04-02 09:17:27.379  INFO 17180 --- [restartedMain] o.s.s.web.DefaultSecurityFilterChain     : Will secure Mvc [pattern='/configuration/**'] with []
2021-04-02 09:17:27.380  INFO 17180 --- [restartedMain] o.s.s.web.DefaultSecurityFilterChain     : Will secure Mvc [pattern='/swagger-resources/**'] with []
2021-04-02 09:17:27.380  INFO 17180 --- [restartedMain] o.s.s.web.DefaultSecurityFilterChain     : Will secure Mvc [pattern='/v2/api-docs'] with []
2021-04-02 09:17:27.381  INFO 17180 --- [restartedMain] o.s.s.web.DefaultSecurityFilterChain     : Will secure Mvc [pattern='/webjars/**'] with []
2021-04-02 09:17:27.443  INFO 17180 --- [restartedMain] o.s.s.web.DefaultSecurityFilterChain     : Will secure any request with [org.springframework.security.web.context.request.async.WebAsyncManagerIntegrationFilter@447b265d, org.springframework.security.web.context.SecurityContextPersistenceFilter@10810d4f, org.springframework.security.web.header.HeaderWriterFilter@43e855b4, org.springframework.web.filter.CorsFilter@617f24f4, org.springframework.security.web.authentication.logout.LogoutFilter@35b4aa6f, com.project.vm.security.jwt.AuthTokenFilter@16526767, org.springframework.security.web.savedrequest.RequestCacheAwareFilter@73ec8f57, org.springframework.security.web.servletapi.SecurityContextHolderAwareRequestFilter@2be4f0aa, org.springframework.security.web.authentication.AnonymousAuthenticationFilter@29b66286, org.springframework.security.web.session.SessionManagementFilter@55aa4bf5, org.springframework.security.web.access.ExceptionTranslationFilter@2b6ee78f, org.springframework.security.web.access.intercept.FilterSecurityInterceptor@12fdcdeb]
2021-04-02 09:17:27.623  INFO 17180 --- [restartedMain] o.s.s.concurrent.ThreadPoolTaskExecutor  : Initializing ExecutorService 'applicationTaskExecutor'
2021-04-02 09:17:28.034  INFO 17180 --- [restartedMain] o.s.b.w.embedded.tomcat.TomcatWebServer  : Tomcat started on port(s): 8081 (http) with context path ''
2021-04-02 09:17:28.037  INFO 17180 --- [restartedMain] d.s.w.p.DocumentationPluginsBootstrapper : Context refreshed
2021-04-02 09:17:28.080  INFO 17180 --- [restartedMain] d.s.w.p.DocumentationPluginsBootstrapper : Found 1 custom documentation plugin(s)
2021-04-02 09:17:28.204  INFO 17180 --- [restartedMain] s.d.s.w.s.ApiListingReferenceScanner     : Scanning for api listing references
2021-04-02 09:17:29.092  INFO 17180 --- [restartedMain] .d.s.w.r.o.CachingOperationNameGenerator : Generating unique operation named: viewAllBookingUsingGET_1
2021-04-02 09:17:29.153  INFO 17180 --- [restartedMain] com.project.vm.VmApplication             : Started VmApplication in 17.108 seconds (JVM running for 19.173)
2021-04-02 09:57:48.803  INFO 17180 --- [http-nio-8081-exec-1] o.a.c.c.C.[Tomcat].[localhost].[/]       : Initializing Spring DispatcherServlet 'dispatcherServlet'
2021-04-02 09:57:48.835  INFO 17180 --- [http-nio-8081-exec-1] o.s.web.servlet.DispatcherServlet        : Initializing Servlet 'dispatcherServlet'
2021-04-02 09:57:48.846  INFO 17180 --- [http-nio-8081-exec-1] o.s.web.servlet.DispatcherServlet        : Completed initialization in 11 ms
2021-04-02 12:30:03.351  WARN 17180 --- [http-nio-8081-exec-1] .m.m.a.ExceptionHandlerExceptionResolver : Resolved [org.springframework.web.bind.MethodArgumentNotValidException: Validation failed for argument [0] in public org.springframework.http.ResponseEntity<?> com.project.vm.controllers.AuthController.registerUser(com.project.vm.payload.request.SignupRequest) with 3 errors: [Field error in object 'signupRequest' on field 'email': rejected value [null]; codes [NotBlank.signupRequest.email,NotBlank.email,NotBlank.java.lang.String,NotBlank]; arguments [org.springframework.context.support.DefaultMessageSourceResolvable: codes [signupRequest.email,email]; arguments []; default message [email]]; default message [must not be blank]] [Field error in object 'signupRequest' on field 'password': rejected value [null]; codes [NotBlank.signupRequest.password,NotBlank.password,NotBlank.java.lang.String,NotBlank]; arguments [org.springframework.context.support.DefaultMessageSourceResolvable: codes [signupRequest.password,password]; arguments []; default message [password]]; default message [must not be blank]] [Field error in object 'signupRequest' on field 'username': rejected value [null]; codes [NotBlank.signupRequest.username,NotBlank.username,NotBlank.java.lang.String,NotBlank]; arguments [org.springframework.context.support.DefaultMessageSourceResolvable: codes [signupRequest.username,username]; arguments []; default message [username]]; default message [must not be blank]] ]
2021-04-02 12:31:35.195  WARN 17180 --- [http-nio-8081-exec-2] .m.m.a.ExceptionHandlerExceptionResolver : Resolved [org.springframework.web.bind.MethodArgumentNotValidException: Validation failed for argument [0] in public org.springframework.http.ResponseEntity<?> com.project.vm.controllers.AuthController.registerUser(com.project.vm.payload.request.SignupRequest) with 3 errors: [Field error in object 'signupRequest' on field 'email': rejected value [null]; codes [NotBlank.signupRequest.email,NotBlank.email,NotBlank.java.lang.String,NotBlank]; arguments [org.springframework.context.support.DefaultMessageSourceResolvable: codes [signupRequest.email,email]; arguments []; default message [email]]; default message [must not be blank]] [Field error in object 'signupRequest' on field 'password': rejected value [null]; codes [NotBlank.signupRequest.password,NotBlank.password,NotBlank.java.lang.String,NotBlank]; arguments [org.springframework.context.support.DefaultMessageSourceResolvable: codes [signupRequest.password,password]; arguments []; default message [password]]; default message [must not be blank]] [Field error in object 'signupRequest' on field 'username': rejected value [null]; codes [NotBlank.signupRequest.username,NotBlank.username,NotBlank.java.lang.String,NotBlank]; arguments [org.springframework.context.support.DefaultMessageSourceResolvable: codes [signupRequest.username,username]; arguments []; default message [username]]; default message [must not be blank]] ]
2021-04-02 12:33:10.031  WARN 17180 --- [http-nio-8081-exec-3] .m.m.a.ExceptionHandlerExceptionResolver : Resolved [org.springframework.web.bind.MethodArgumentNotValidException: Validation failed for argument [0] in public org.springframework.http.ResponseEntity<?> com.project.vm.controllers.AuthController.registerUser(com.project.vm.payload.request.SignupRequest) with 3 errors: [Field error in object 'signupRequest' on field 'email': rejected value [null]; codes [NotBlank.signupRequest.email,NotBlank.email,NotBlank.java.lang.String,NotBlank]; arguments [org.springframework.context.support.DefaultMessageSourceResolvable: codes [signupRequest.email,email]; arguments []; default message [email]]; default message [must not be blank]] [Field error in object 'signupRequest' on field 'password': rejected value [null]; codes [NotBlank.signupRequest.password,NotBlank.password,NotBlank.java.lang.String,NotBlank]; arguments [org.springframework.context.support.DefaultMessageSourceResolvable: codes [signupRequest.password,password]; arguments []; default message [password]]; default message [must not be blank]] [Field error in object 'signupRequest' on field 'username': rejected value [null]; codes [NotBlank.signupRequest.username,NotBlank.username,NotBlank.java.lang.String,NotBlank]; arguments [org.springframework.context.support.DefaultMessageSourceResolvable: codes [signupRequest.username,username]; arguments []; default message [username]]; default message [must not be blank]] ]
2021-04-02 12:34:22.173  WARN 17180 --- [http-nio-8081-exec-4] .m.m.a.ExceptionHandlerExceptionResolver : Resolved [org.springframework.web.bind.MethodArgumentNotValidException: Validation failed for argument [0] in public org.springframework.http.ResponseEntity<?> com.project.vm.controllers.AuthController.registerUser(com.project.vm.payload.request.SignupRequest): [Field error in object 'signupRequest' on field 'email': rejected value [null]; codes [NotBlank.signupRequest.email,NotBlank.email,NotBlank.java.lang.String,NotBlank]; arguments [org.springframework.context.support.DefaultMessageSourceResolvable: codes [signupRequest.email,email]; arguments []; default message [email]]; default message [must not be blank]] ]
2021-04-02 14:01:49.217  WARN 17180 --- [HikariPool-1 housekeeper] com.zaxxer.hikari.pool.HikariPool        : HikariPool-1 - Thread starvation or clock leap detected (housekeeper delta=33m54s704ms336µs800ns).
2021-04-02 14:19:20.851  WARN 17180 --- [http-nio-8081-exec-5] .m.m.a.ExceptionHandlerExceptionResolver : Resolved [org.springframework.security.authentication.BadCredentialsException: Bad credentials]
2021-04-02 15:06:16.536  WARN 17180 --- [http-nio-8081-exec-8] .m.m.a.ExceptionHandlerExceptionResolver : Resolved [org.springframework.web.method.annotation.MethodArgumentTypeMismatchException: Failed to convert value of type 'java.lang.String' to required type 'int'; nested exception is java.lang.NumberFormatException: For input string: "undefined"]
2021-04-02 15:31:52.843  INFO 10344 --- [restartedMain] com.project.vm.VmApplication             : Starting VmApplication using Java 14.0.1 on Taniya with PID 10344 (C:\Users\taniy\Desktop\Capgemini\Project\VehicleManagement-Gradle\bin\main started by Taniya in C:\Users\taniy\Desktop\Capgemini\Project\VehicleManagement-Gradle)
2021-04-02 15:31:52.846  INFO 10344 --- [restartedMain] com.project.vm.VmApplication             : No active profile set, falling back to default profiles: default
2021-04-02 15:31:53.022  INFO 10344 --- [restartedMain] .e.DevToolsPropertyDefaultsPostProcessor : Devtools property defaults active! Set 'spring.devtools.add-properties' to 'false' to disable
2021-04-02 15:31:53.023  INFO 10344 --- [restartedMain] .e.DevToolsPropertyDefaultsPostProcessor : For additional web related logging consider setting the 'logging.level.web' property to 'DEBUG'
2021-04-02 15:31:56.276  INFO 10344 --- [restartedMain] .s.d.r.c.RepositoryConfigurationDelegate : Bootstrapping Spring Data JPA repositories in DEFAULT mode.
2021-04-02 15:31:56.510  INFO 10344 --- [restartedMain] .s.d.r.c.RepositoryConfigurationDelegate : Finished Spring Data repository scanning in 217 ms. Found 8 JPA repository interfaces.
2021-04-02 15:31:57.401  INFO 10344 --- [restartedMain] trationDelegate$BeanPostProcessorChecker : Bean 'org.springframework.security.access.expression.method.DefaultMethodSecurityExpressionHandler@3ade151a' of type [org.springframework.security.access.expression.method.DefaultMethodSecurityExpressionHandler] is not eligible for getting processed by all BeanPostProcessors (for example: not eligible for auto-proxying)
2021-04-02 15:31:57.415  INFO 10344 --- [restartedMain] trationDelegate$BeanPostProcessorChecker : Bean 'methodSecurityMetadataSource' of type [org.springframework.security.access.method.DelegatingMethodSecurityMetadataSource] is not eligible for getting processed by all BeanPostProcessors (for example: not eligible for auto-proxying)
2021-04-02 15:31:58.208  INFO 10344 --- [restartedMain] o.s.b.w.embedded.tomcat.TomcatWebServer  : Tomcat initialized with port(s): 8081 (http)
2021-04-02 15:31:58.230  INFO 10344 --- [restartedMain] o.apache.catalina.core.StandardService   : Starting service [Tomcat]
2021-04-02 15:31:58.231  INFO 10344 --- [restartedMain] org.apache.catalina.core.StandardEngine  : Starting Servlet engine: [Apache Tomcat/9.0.43]
2021-04-02 15:31:58.435  INFO 10344 --- [restartedMain] o.a.c.c.C.[Tomcat].[localhost].[/]       : Initializing Spring embedded WebApplicationContext
2021-04-02 15:31:58.436  INFO 10344 --- [restartedMain] w.s.c.ServletWebServerApplicationContext : Root WebApplicationContext: initialization completed in 5409 ms
2021-04-02 15:31:58.760  WARN 10344 --- [restartedMain] JpaBaseConfiguration$JpaWebConfiguration : spring.jpa.open-in-view is enabled by default. Therefore, database queries may be performed during view rendering. Explicitly configure spring.jpa.open-in-view to disable this warning
2021-04-02 15:31:59.186  INFO 10344 --- [restartedMain] o.hibernate.jpa.internal.util.LogHelper  : HHH000204: Processing PersistenceUnitInfo [name: default]
2021-04-02 15:31:59.330  INFO 10344 --- [restartedMain] org.hibernate.Version                    : HHH000412: Hibernate ORM core version 5.4.28.Final
2021-04-02 15:31:59.649  INFO 10344 --- [restartedMain] o.hibernate.annotations.common.Version   : HCANN000001: Hibernate Commons Annotations {5.1.2.Final}
2021-04-02 15:31:59.887  INFO 10344 --- [restartedMain] com.zaxxer.hikari.HikariDataSource       : HikariPool-1 - Starting...
2021-04-02 15:32:00.324  INFO 10344 --- [restartedMain] com.zaxxer.hikari.HikariDataSource       : HikariPool-1 - Start completed.
2021-04-02 15:32:00.363  INFO 10344 --- [restartedMain] org.hibernate.dialect.Dialect            : HHH000400: Using dialect: org.hibernate.dialect.PostgreSQLDialect
2021-04-02 15:32:03.959  INFO 10344 --- [restartedMain] o.h.e.t.j.p.i.JtaPlatformInitiator       : HHH000490: Using JtaPlatform implementation: [org.hibernate.engine.transaction.jta.platform.internal.NoJtaPlatform]
2021-04-02 15:32:03.977  INFO 10344 --- [restartedMain] j.LocalContainerEntityManagerFactoryBean : Initialized JPA EntityManagerFactory for persistence unit 'default'
2021-04-02 15:32:05.119  INFO 10344 --- [restartedMain] o.s.b.d.a.OptionalLiveReloadServer       : LiveReload server is running on port 35729
2021-04-02 15:32:06.903  INFO 10344 --- [restartedMain] pertySourcedRequestMappingHandlerMapping : Mapped URL path [/v2/api-docs] onto method [springfox.documentation.swagger2.web.Swagger2Controller#getDocumentation(String, HttpServletRequest)]
2021-04-02 15:32:07.510  INFO 10344 --- [restartedMain] o.s.s.web.DefaultSecurityFilterChain     : Will secure Mvc [pattern='/**', OPTIONS] with []
2021-04-02 15:32:07.510  INFO 10344 --- [restartedMain] o.s.s.web.DefaultSecurityFilterChain     : Will secure Mvc [pattern='/swagger-ui.html/**'] with []
2021-04-02 15:32:07.511  INFO 10344 --- [restartedMain] o.s.s.web.DefaultSecurityFilterChain     : Will secure Mvc [pattern='/configuration/**'] with []
2021-04-02 15:32:07.511  INFO 10344 --- [restartedMain] o.s.s.web.DefaultSecurityFilterChain     : Will secure Mvc [pattern='/swagger-resources/**'] with []
2021-04-02 15:32:07.512  INFO 10344 --- [restartedMain] o.s.s.web.DefaultSecurityFilterChain     : Will secure Mvc [pattern='/v2/api-docs'] with []
2021-04-02 15:32:07.512  INFO 10344 --- [restartedMain] o.s.s.web.DefaultSecurityFilterChain     : Will secure Mvc [pattern='/webjars/**'] with []
2021-04-02 15:32:07.696  INFO 10344 --- [restartedMain] o.s.s.web.DefaultSecurityFilterChain     : Will secure any request with [org.springframework.security.web.context.request.async.WebAsyncManagerIntegrationFilter@47b1d134, org.springframework.security.web.context.SecurityContextPersistenceFilter@f255153, org.springframework.security.web.header.HeaderWriterFilter@61e26ec, org.springframework.web.filter.CorsFilter@2d2574fd, org.springframework.security.web.authentication.logout.LogoutFilter@4d0da61a, com.project.vm.security.jwt.AuthTokenFilter@334768a8, org.springframework.security.web.savedrequest.RequestCacheAwareFilter@2496f10c, org.springframework.security.web.servletapi.SecurityContextHolderAwareRequestFilter@733104e2, org.springframework.security.web.authentication.AnonymousAuthenticationFilter@6416a42d, org.springframework.security.web.session.SessionManagementFilter@25d06ed0, org.springframework.security.web.access.ExceptionTranslationFilter@3ec2e341, org.springframework.security.web.access.intercept.FilterSecurityInterceptor@2b404cee]
2021-04-02 15:32:08.027  INFO 10344 --- [restartedMain] o.s.s.concurrent.ThreadPoolTaskExecutor  : Initializing ExecutorService 'applicationTaskExecutor'
2021-04-02 15:32:08.699  INFO 10344 --- [restartedMain] o.s.b.w.embedded.tomcat.TomcatWebServer  : Tomcat started on port(s): 8081 (http) with context path ''
2021-04-02 15:32:08.701  INFO 10344 --- [restartedMain] d.s.w.p.DocumentationPluginsBootstrapper : Context refreshed
2021-04-02 15:32:08.750  INFO 10344 --- [restartedMain] d.s.w.p.DocumentationPluginsBootstrapper : Found 1 custom documentation plugin(s)
2021-04-02 15:32:08.843  INFO 10344 --- [restartedMain] s.d.s.w.s.ApiListingReferenceScanner     : Scanning for api listing references
2021-04-02 15:32:09.525  INFO 10344 --- [restartedMain] .d.s.w.r.o.CachingOperationNameGenerator : Generating unique operation named: viewAllBookingUsingGET_1
2021-04-02 15:32:09.573  INFO 10344 --- [restartedMain] com.project.vm.VmApplication             : Started VmApplication in 17.791 seconds (JVM running for 19.139)
2021-04-02 15:32:12.008  INFO 10344 --- [http-nio-8081-exec-1] o.a.c.c.C.[Tomcat].[localhost].[/]       : Initializing Spring DispatcherServlet 'dispatcherServlet'
2021-04-02 15:32:12.009  INFO 10344 --- [http-nio-8081-exec-1] o.s.web.servlet.DispatcherServlet        : Initializing Servlet 'dispatcherServlet'
2021-04-02 15:32:12.013  INFO 10344 --- [http-nio-8081-exec-1] o.s.web.servlet.DispatcherServlet        : Completed initialization in 3 ms
